[      53ms] [INFO] %cDownload the React DevTools for a better development experience: https://reactjs.org/link/react-devtools font-weight:bold @ http://localhost:5467/node_modules/.vite/deps/chunk-GNC7SI6A.js?v=8f7d8846:21550
[      88ms] [WARNING] ⚠️ React Router Future Flag Warning: React Router will begin wrapping state updates in `React.startTransition` in v7. You can use the `v7_startTransition` future flag to opt-in early. For more information, see https://reactrouter.com/v6/upgrading/future#v7_starttransition. @ http://localhost:5467/node_modules/.vite/deps/react-router-dom.js?v=8f7d8846:4435
[      88ms] [WARNING] ⚠️ React Router Future Flag Warning: Relative route resolution within Splat routes is changing in v7. You can use the `v7_relativeSplatPath` future flag to opt-in early. For more information, see https://reactrouter.com/v6/upgrading/future#v7_relativesplatpath. @ http://localhost:5467/node_modules/.vite/deps/react-router-dom.js?v=8f7d8846:4435
[     334ms] [WARNING] WebSocket connection to 'ws://localhost:5460/socket.io/?EIO=4&transport=websocket' failed: WebSocket is closed before the connection is established. @ http://localhost:5467/node_modules/.vite/deps/socket__io-client.js?v=8f7d8846:1499
[   42171ms] [INFO] %cDownload the React DevTools for a better development experience: https://reactjs.org/link/react-devtools font-weight:bold @ http://localhost:5467/node_modules/.vite/deps/chunk-GNC7SI6A.js?v=8f7d8846:21550
[   42260ms] [WARNING] ⚠️ React Router Future Flag Warning: React Router will begin wrapping state updates in `React.startTransition` in v7. You can use the `v7_startTransition` future flag to opt-in early. For more information, see https://reactrouter.com/v6/upgrading/future#v7_starttransition. @ http://localhost:5467/node_modules/.vite/deps/react-router-dom.js?v=8f7d8846:4435
[   42261ms] [WARNING] ⚠️ React Router Future Flag Warning: Relative route resolution within Splat routes is changing in v7. You can use the `v7_relativeSplatPath` future flag to opt-in early. For more information, see https://reactrouter.com/v6/upgrading/future#v7_relativesplatpath. @ http://localhost:5467/node_modules/.vite/deps/react-router-dom.js?v=8f7d8846:4435
[   43310ms] [WARNING] WebSocket connection to 'ws://localhost:5460/socket.io/?EIO=4&transport=websocket' failed: WebSocket is closed before the connection is established. @ http://localhost:5467/node_modules/.vite/deps/socket__io-client.js?v=8f7d8846:1499
[  614080ms] [LOG] [vite] server connection lost. Polling for restart... @ http://localhost:5467/@vite/client:559
[  614126ms] [ERROR] Failed to load resource: net::ERR_NETWORK_IO_SUSPENDED @ http://localhost:5467/:0
[11217142ms] [INFO] %cDownload the React DevTools for a better development experience: https://reactjs.org/link/react-devtools font-weight:bold @ http://localhost:5467/node_modules/.vite/deps/chunk-GNC7SI6A.js?v=8f7d8846:21550
[11217574ms] [WARNING] ⚠️ React Router Future Flag Warning: React Router will begin wrapping state updates in `React.startTransition` in v7. You can use the `v7_startTransition` future flag to opt-in early. For more information, see https://reactrouter.com/v6/upgrading/future#v7_starttransition. @ http://localhost:5467/node_modules/.vite/deps/react-router-dom.js?v=8f7d8846:4435
[11217575ms] [WARNING] ⚠️ React Router Future Flag Warning: Relative route resolution within Splat routes is changing in v7. You can use the `v7_relativeSplatPath` future flag to opt-in early. For more information, see https://reactrouter.com/v6/upgrading/future#v7_relativesplatpath. @ http://localhost:5467/node_modules/.vite/deps/react-router-dom.js?v=8f7d8846:4435
[11223222ms] [WARNING] WebSocket connection to 'ws://localhost:5460/socket.io/?EIO=4&transport=websocket' failed: WebSocket is closed before the connection is established. @ http://localhost:5467/node_modules/.vite/deps/socket__io-client.js?v=8f7d8846:1499
[21733356ms] [LOG] [vite] server connection lost. Polling for restart... @ http://localhost:5467/@vite/client:559
[21733643ms] [ERROR] Failed to load resource: net::ERR_NETWORK_IO_SUSPENDED @ http://localhost:5467/:0
[53402234ms] [INFO] %cDownload the React DevTools for a better development experience: https://reactjs.org/link/react-devtools font-weight:bold @ http://localhost:5467/node_modules/.vite/deps/chunk-GNC7SI6A.js?v=8f7d8846:21550
[53402813ms] [WARNING] ⚠️ React Router Future Flag Warning: React Router will begin wrapping state updates in `React.startTransition` in v7. You can use the `v7_startTransition` future flag to opt-in early. For more information, see https://reactrouter.com/v6/upgrading/future#v7_starttransition. @ http://localhost:5467/node_modules/.vite/deps/react-router-dom.js?v=8f7d8846:4435
[53402815ms] [WARNING] ⚠️ React Router Future Flag Warning: Relative route resolution within Splat routes is changing in v7. You can use the `v7_relativeSplatPath` future flag to opt-in early. For more information, see https://reactrouter.com/v6/upgrading/future#v7_relativesplatpath. @ http://localhost:5467/node_modules/.vite/deps/react-router-dom.js?v=8f7d8846:4435
[53412212ms] [WARNING] WebSocket connection to 'ws://localhost:5460/socket.io/?EIO=4&transport=websocket' failed: WebSocket is closed before the connection is established. @ http://localhost:5467/node_modules/.vite/deps/socket__io-client.js?v=8f7d8846:1499
[55838589ms] [LOG] [vite] server connection lost. Polling for restart... @ http://localhost:5467/@vite/client:559
[55844712ms] [INFO] %cDownload the React DevTools for a better development experience: https://reactjs.org/link/react-devtools font-weight:bold @ http://localhost:5467/node_modules/.vite/deps/chunk-GNC7SI6A.js?v=8f7d8846:21550
[55845082ms] [WARNING] ⚠️ React Router Future Flag Warning: React Router will begin wrapping state updates in `React.startTransition` in v7. You can use the `v7_startTransition` future flag to opt-in early. For more information, see https://reactrouter.com/v6/upgrading/future#v7_starttransition. @ http://localhost:5467/node_modules/.vite/deps/react-router-dom.js?v=8f7d8846:4435
[55845083ms] [WARNING] ⚠️ React Router Future Flag Warning: Relative route resolution within Splat routes is changing in v7. You can use the `v7_relativeSplatPath` future flag to opt-in early. For more information, see https://reactrouter.com/v6/upgrading/future#v7_relativesplatpath. @ http://localhost:5467/node_modules/.vite/deps/react-router-dom.js?v=8f7d8846:4435
[55848371ms] [WARNING] WebSocket connection to 'ws://localhost:5460/socket.io/?EIO=4&transport=websocket' failed: WebSocket is closed before the connection is established. @ http://localhost:5467/node_modules/.vite/deps/socket__io-client.js?v=8f7d8846:1499
[55911035ms] [LOG] [vite] server connection lost. Polling for restart... @ http://localhost:5467/@vite/client:559
[55913553ms] [INFO] %cDownload the React DevTools for a better development experience: https://reactjs.org/link/react-devtools font-weight:bold @ http://localhost:5467/node_modules/.vite/deps/chunk-GNC7SI6A.js?v=8f7d8846:21550
[55913644ms] [WARNING] ⚠️ React Router Future Flag Warning: React Router will begin wrapping state updates in `React.startTransition` in v7. You can use the `v7_startTransition` future flag to opt-in early. For more information, see https://reactrouter.com/v6/upgrading/future#v7_starttransition. @ http://localhost:5467/node_modules/.vite/deps/react-router-dom.js?v=8f7d8846:4435
[55913645ms] [WARNING] ⚠️ React Router Future Flag Warning: Relative route resolution within Splat routes is changing in v7. You can use the `v7_relativeSplatPath` future flag to opt-in early. For more information, see https://reactrouter.com/v6/upgrading/future#v7_relativesplatpath. @ http://localhost:5467/node_modules/.vite/deps/react-router-dom.js?v=8f7d8846:4435
[55913830ms] [ERROR] Failed to load resource: the server responded with a status of 401 (Unauthorized) @ http://localhost:5460/api/auth/refresh:0
[55913864ms] [ERROR] Failed to load resource: the server responded with a status of 401 (Unauthorized) @ http://localhost:5460/api/auth/refresh:0
[55914785ms] [VERBOSE] [DOM] Input elements should have autocomplete attributes (suggested: "current-password"): (More info: https://goo.gl/9p2vKq) %o @ http://localhost:5467/login:0
[57320678ms] [LOG] [vite] server connection lost. Polling for restart... @ http://localhost:5467/@vite/client:559
[57324482ms] [INFO] %cDownload the React DevTools for a better development experience: https://reactjs.org/link/react-devtools font-weight:bold @ http://localhost:5467/node_modules/.vite/deps/chunk-GNC7SI6A.js?v=8f7d8846:21550
[57324730ms] [WARNING] ⚠️ React Router Future Flag Warning: React Router will begin wrapping state updates in `React.startTransition` in v7. You can use the `v7_startTransition` future flag to opt-in early. For more information, see https://reactrouter.com/v6/upgrading/future#v7_starttransition. @ http://localhost:5467/node_modules/.vite/deps/react-router-dom.js?v=8f7d8846:4435
[57324732ms] [WARNING] ⚠️ React Router Future Flag Warning: Relative route resolution within Splat routes is changing in v7. You can use the `v7_relativeSplatPath` future flag to opt-in early. For more information, see https://reactrouter.com/v6/upgrading/future#v7_relativesplatpath. @ http://localhost:5467/node_modules/.vite/deps/react-router-dom.js?v=8f7d8846:4435
[57325816ms] [VERBOSE] [DOM] Input elements should have autocomplete attributes (suggested: "current-password"): (More info: https://goo.gl/9p2vKq) %o @ http://localhost:5467/login:0
