
> team-task-manager-frontend@1.0.0 dev
> vite --port 5467 --strictPort


  [32m[1mVITE[22m v5.4.21[39m  [2mready in [0m[1m599[22m[2m[0m ms[22m

  [32m➜[39m  [1mLocal[22m:   [36mhttp://localhost:[1m5467[22m/[39m
[2m  [32m➜[39m  [1mNetwork[22m[2m: use [22m[1m--host[22m[2m to expose[22m
[2m[32m  ➜[39m[22m[2m  press [22m[1mh + enter[22m[2m to show help[22m
[2m8:02:28 PM[22m [36m[1m[vite][22m[39m [32mpage reload [39m[2mindex.html[22m
[2m8:02:46 PM[22m [36m[1m[vite][22m[39m [32mpage reload [39m[2mdist/index.html[22m
[2m8:02:47 PM[22m [36m[1m[vite][22m[39m [32mpage reload [39m[2mdist/index.html[22m
[2m8:07:21 PM[22m [36m[1m[vite][22m[39m [32mpage reload [39m[2mdist/index.html[22m
[2m8:07:22 PM[22m [36m[1m[vite][22m[39m [32mpage reload [39m[2mdist/index.html[22m
[2m11:31:39 AM[22m [36m[1m[vite][22m[39m [32mpage reload [39m[2mdist/index.html[22m
[2m11:31:39 AM[22m [36m[1m[vite][22m[39m [32mpage reload [39m[2mdist/index.html[22m
[2m11:32:25 AM[22m [36m[1m[vite][22m[39m [32m.env changed, restarting server...[39m
[2m11:32:25 AM[22m [36m[1m[vite][22m[39m [32m.env changed, restarting server...[39m
[2m11:32:26 AM[22m [36m[1m[vite][22m[39m server restarted.
[2m11:33:38 AM[22m [36m[1m[vite][22m[39m [32m.env changed, restarting server...[39m
[2m11:33:38 AM[22m [36m[1m[vite][22m[39m server restarted.
[2m11:57:07 AM[22m [36m[1m[vite][22m[39m [32mvite.config.js changed, restarting server...[39m
[2m11:57:07 AM[22m [36m[1m[vite][22m[39m [32mvite.config.js changed, restarting server...[39m
[2m11:57:08 AM[22m [36m[1m[vite][22m[39m server restarted.
