[      51ms] [INFO] %cDownload the React DevTools for a better development experience: https://reactjs.org/link/react-devtools font-weight:bold @ http://localhost:5417/node_modules/.vite/deps/chunk-GNC7SI6A.js?v=8f7d8846:21550
[      77ms] [WARNING] ⚠️ React Router Future Flag Warning: React Router will begin wrapping state updates in `React.startTransition` in v7. You can use the `v7_startTransition` future flag to opt-in early. For more information, see https://reactrouter.com/v6/upgrading/future#v7_starttransition. @ http://localhost:5417/node_modules/.vite/deps/react-router-dom.js?v=8f7d8846:4435
[      77ms] [WARNING] ⚠️ React Router Future Flag Warning: Relative route resolution within Splat routes is changing in v7. You can use the `v7_relativeSplatPath` future flag to opt-in early. For more information, see https://reactrouter.com/v6/upgrading/future#v7_relativesplatpath. @ http://localhost:5417/node_modules/.vite/deps/react-router-dom.js?v=8f7d8846:4435
[      98ms] [ERROR] Failed to load resource: the server responded with a status of 401 (Unauthorized) @ http://localhost:5410/api/auth/refresh:0
[     106ms] [ERROR] Failed to load resource: the server responded with a status of 401 (Unauthorized) @ http://localhost:5410/api/auth/refresh:0
[     249ms] [VERBOSE] [DOM] Input elements should have autocomplete attributes (suggested: "current-password"): (More info: https://goo.gl/9p2vKq) %o @ http://localhost:5417/login:0
[  847944ms] [INFO] %cDownload the React DevTools for a better development experience: https://reactjs.org/link/react-devtools font-weight:bold @ http://localhost:5417/node_modules/.vite/deps/chunk-GNC7SI6A.js?v=8f7d8846:21550
[  848060ms] [WARNING] ⚠️ React Router Future Flag Warning: React Router will begin wrapping state updates in `React.startTransition` in v7. You can use the `v7_startTransition` future flag to opt-in early. For more information, see https://reactrouter.com/v6/upgrading/future#v7_starttransition. @ http://localhost:5417/node_modules/.vite/deps/react-router-dom.js?v=8f7d8846:4435
[  848060ms] [WARNING] ⚠️ React Router Future Flag Warning: Relative route resolution within Splat routes is changing in v7. You can use the `v7_relativeSplatPath` future flag to opt-in early. For more information, see https://reactrouter.com/v6/upgrading/future#v7_relativesplatpath. @ http://localhost:5417/node_modules/.vite/deps/react-router-dom.js?v=8f7d8846:4435
[  848308ms] [VERBOSE] [DOM] Input elements should have autocomplete attributes (suggested: "current-password"): (More info: https://goo.gl/9p2vKq) %o @ http://localhost:5417/login:0
[ 1420131ms] [LOG] [vite] server connection lost. Polling for restart... @ http://localhost:5417/@vite/client:559
[ 1420171ms] [ERROR] Failed to load resource: net::ERR_NETWORK_IO_SUSPENDED @ http://localhost:5417/:0
[12021940ms] [INFO] %cDownload the React DevTools for a better development experience: https://reactjs.org/link/react-devtools font-weight:bold @ http://localhost:5417/node_modules/.vite/deps/chunk-GNC7SI6A.js?v=8f7d8846:21550
[12022143ms] [WARNING] ⚠️ React Router Future Flag Warning: React Router will begin wrapping state updates in `React.startTransition` in v7. You can use the `v7_startTransition` future flag to opt-in early. For more information, see https://reactrouter.com/v6/upgrading/future#v7_starttransition. @ http://localhost:5417/node_modules/.vite/deps/react-router-dom.js?v=8f7d8846:4435
[12022144ms] [WARNING] ⚠️ React Router Future Flag Warning: Relative route resolution within Splat routes is changing in v7. You can use the `v7_relativeSplatPath` future flag to opt-in early. For more information, see https://reactrouter.com/v6/upgrading/future#v7_relativesplatpath. @ http://localhost:5417/node_modules/.vite/deps/react-router-dom.js?v=8f7d8846:4435
[12022826ms] [VERBOSE] [DOM] Input elements should have autocomplete attributes (suggested: "current-password"): (More info: https://goo.gl/9p2vKq) %o @ http://localhost:5417/login:0
[22539177ms] [LOG] [vite] server connection lost. Polling for restart... @ http://localhost:5417/@vite/client:559
[22539674ms] [ERROR] Failed to load resource: net::ERR_NETWORK_IO_SUSPENDED @ http://localhost:5417/:0
[54206924ms] [INFO] %cDownload the React DevTools for a better development experience: https://reactjs.org/link/react-devtools font-weight:bold @ http://localhost:5417/node_modules/.vite/deps/chunk-GNC7SI6A.js?v=8f7d8846:21550
[54208049ms] [WARNING] ⚠️ React Router Future Flag Warning: React Router will begin wrapping state updates in `React.startTransition` in v7. You can use the `v7_startTransition` future flag to opt-in early. For more information, see https://reactrouter.com/v6/upgrading/future#v7_starttransition. @ http://localhost:5417/node_modules/.vite/deps/react-router-dom.js?v=8f7d8846:4435
[54208051ms] [WARNING] ⚠️ React Router Future Flag Warning: Relative route resolution within Splat routes is changing in v7. You can use the `v7_relativeSplatPath` future flag to opt-in early. For more information, see https://reactrouter.com/v6/upgrading/future#v7_relativesplatpath. @ http://localhost:5417/node_modules/.vite/deps/react-router-dom.js?v=8f7d8846:4435
[54209312ms] [VERBOSE] [DOM] Input elements should have autocomplete attributes (suggested: "current-password"): (More info: https://goo.gl/9p2vKq) %o @ http://localhost:5417/login:0
[56644547ms] [LOG] [vite] server connection lost. Polling for restart... @ http://localhost:5417/@vite/client:559
[56650842ms] [INFO] %cDownload the React DevTools for a better development experience: https://reactjs.org/link/react-devtools font-weight:bold @ http://localhost:5417/node_modules/.vite/deps/chunk-GNC7SI6A.js?v=8f7d8846:21550
[56651191ms] [WARNING] ⚠️ React Router Future Flag Warning: React Router will begin wrapping state updates in `React.startTransition` in v7. You can use the `v7_startTransition` future flag to opt-in early. For more information, see https://reactrouter.com/v6/upgrading/future#v7_starttransition. @ http://localhost:5417/node_modules/.vite/deps/react-router-dom.js?v=8f7d8846:4435
[56651192ms] [WARNING] ⚠️ React Router Future Flag Warning: Relative route resolution within Splat routes is changing in v7. You can use the `v7_relativeSplatPath` future flag to opt-in early. For more information, see https://reactrouter.com/v6/upgrading/future#v7_relativesplatpath. @ http://localhost:5417/node_modules/.vite/deps/react-router-dom.js?v=8f7d8846:4435
[56651688ms] [VERBOSE] [DOM] Input elements should have autocomplete attributes (suggested: "current-password"): (More info: https://goo.gl/9p2vKq) %o @ http://localhost:5417/login:0
[56717107ms] [LOG] [vite] server connection lost. Polling for restart... @ http://localhost:5417/@vite/client:559
[56719726ms] [INFO] %cDownload the React DevTools for a better development experience: https://reactjs.org/link/react-devtools font-weight:bold @ http://localhost:5417/node_modules/.vite/deps/chunk-GNC7SI6A.js?v=8f7d8846:21550
[56719791ms] [WARNING] ⚠️ React Router Future Flag Warning: React Router will begin wrapping state updates in `React.startTransition` in v7. You can use the `v7_startTransition` future flag to opt-in early. For more information, see https://reactrouter.com/v6/upgrading/future#v7_starttransition. @ http://localhost:5417/node_modules/.vite/deps/react-router-dom.js?v=8f7d8846:4435
[56719792ms] [WARNING] ⚠️ React Router Future Flag Warning: Relative route resolution within Splat routes is changing in v7. You can use the `v7_relativeSplatPath` future flag to opt-in early. For more information, see https://reactrouter.com/v6/upgrading/future#v7_relativesplatpath. @ http://localhost:5417/node_modules/.vite/deps/react-router-dom.js?v=8f7d8846:4435
[56720710ms] [VERBOSE] [DOM] Input elements should have autocomplete attributes (suggested: "current-password"): (More info: https://goo.gl/9p2vKq) %o @ http://localhost:5417/login:0
[58126570ms] [LOG] [vite] server connection lost. Polling for restart... @ http://localhost:5417/@vite/client:559
[58129552ms] [INFO] %cDownload the React DevTools for a better development experience: https://reactjs.org/link/react-devtools font-weight:bold @ http://localhost:5417/node_modules/.vite/deps/chunk-GNC7SI6A.js?v=8f7d8846:21550
[58129715ms] [WARNING] ⚠️ React Router Future Flag Warning: React Router will begin wrapping state updates in `React.startTransition` in v7. You can use the `v7_startTransition` future flag to opt-in early. For more information, see https://reactrouter.com/v6/upgrading/future#v7_starttransition. @ http://localhost:5417/node_modules/.vite/deps/react-router-dom.js?v=8f7d8846:4435
[58129715ms] [WARNING] ⚠️ React Router Future Flag Warning: Relative route resolution within Splat routes is changing in v7. You can use the `v7_relativeSplatPath` future flag to opt-in early. For more information, see https://reactrouter.com/v6/upgrading/future#v7_relativesplatpath. @ http://localhost:5417/node_modules/.vite/deps/react-router-dom.js?v=8f7d8846:4435
[58131216ms] [VERBOSE] [DOM] Input elements should have autocomplete attributes (suggested: "current-password"): (More info: https://goo.gl/9p2vKq) %o @ http://localhost:5417/login:0
