[      82ms] [INFO] %cDownload the React DevTools for a better development experience: https://reactjs.org/link/react-devtools font-weight:bold @ http://localhost:5477/node_modules/.vite/deps/chunk-GNC7SI6A.js?v=8f7d8846:21550
[     118ms] [WARNING] âš ď¸Ź React Router Future Flag Warning: React Router will begin wrapping state updates in `React.startTransition` in v7. You can use the `v7_startTransition` future flag to opt-in early. For more information, see https://reactrouter.com/v6/upgrading/future#v7_starttransition. @ http://localhost:5477/node_modules/.vite/deps/react-router-dom.js?v=8f7d8846:4435
[     119ms] [WARNING] âš ď¸Ź React Router Future Flag Warning: Relative route resolution within Splat routes is changing in v7. You can use the `v7_relativeSplatPath` future flag to opt-in early. For more information, see https://reactrouter.com/v6/upgrading/future#v7_relativesplatpath. @ http://localhost:5477/node_modules/.vite/deps/react-router-dom.js?v=8f7d8846:4435
[     355ms] [WARNING] WebSocket connection to 'ws://localhost:5470/socket.io/?EIO=4&transport=websocket' failed: WebSocket is closed before the connection is established. @ http://localhost:5477/node_modules/.vite/deps/socket__io-client.js?v=8f7d8846:1499
[  478625ms] [LOG] [vite] server connection lost. Polling for restart... @ http://localhost:5477/@vite/client:559
[  478667ms] [ERROR] Failed to load resource: net::ERR_NETWORK_IO_SUSPENDED @ http://localhost:5477/:0
[11079804ms] [INFO] %cDownload the React DevTools for a better development experience: https://reactjs.org/link/react-devtools font-weight:bold @ http://localhost:5477/node_modules/.vite/deps/chunk-GNC7SI6A.js?v=8f7d8846:21550
[11080016ms] [WARNING] âš ď¸Ź React Router Future Flag Warning: React Router will begin wrapping state updates in `React.startTransition` in v7. You can use the `v7_startTransition` future flag to opt-in early. For more information, see https://reactrouter.com/v6/upgrading/future#v7_starttransition. @ http://localhost:5477/node_modules/.vite/deps/react-router-dom.js?v=8f7d8846:4435
[11080017ms] [WARNING] âš ď¸Ź React Router Future Flag Warning: Relative route resolution within Splat routes is changing in v7. You can use the `v7_relativeSplatPath` future flag to opt-in early. For more information, see https://reactrouter.com/v6/upgrading/future#v7_relativesplatpath. @ http://localhost:5477/node_modules/.vite/deps/react-router-dom.js?v=8f7d8846:4435
[11083490ms] [WARNING] WebSocket connection to 'ws://localhost:5470/socket.io/?EIO=4&transport=websocket' failed: WebSocket is closed before the connection is established. @ http://localhost:5477/node_modules/.vite/deps/socket__io-client.js?v=8f7d8846:1499
[21597607ms] [LOG] [vite] server connection lost. Polling for restart... @ http://localhost:5477/@vite/client:559
[21598219ms] [ERROR] Failed to load resource: net::ERR_NETWORK_IO_SUSPENDED @ http://localhost:5477/:0
[53262492ms] [INFO] %cDownload the React DevTools for a better development experience: https://reactjs.org/link/react-devtools font-weight:bold @ http://localhost:5477/node_modules/.vite/deps/chunk-GNC7SI6A.js?v=8f7d8846:21550
[53262906ms] [WARNING] âš ď¸Ź React Router Future Flag Warning: React Router will begin wrapping state updates in `React.startTransition` in v7. You can use the `v7_startTransition` future flag to opt-in early. For more information, see https://reactrouter.com/v6/upgrading/future#v7_starttransition. @ http://localhost:5477/node_modules/.vite/deps/react-router-dom.js?v=8f7d8846:4435
[53262909ms] [WARNING] âš ď¸Ź React Router Future Flag Warning: Relative route resolution within Splat routes is changing in v7. You can use the `v7_relativeSplatPath` future flag to opt-in early. For more information, see https://reactrouter.com/v6/upgrading/future#v7_relativesplatpath. @ http://localhost:5477/node_modules/.vite/deps/react-router-dom.js?v=8f7d8846:4435
[53275319ms] [WARNING] WebSocket connection to 'ws://localhost:5470/socket.io/?EIO=4&transport=websocket' failed: WebSocket is closed before the connection is established. @ http://localhost:5477/node_modules/.vite/deps/socket__io-client.js?v=8f7d8846:1499
[55702993ms] [LOG] [vite] server connection lost. Polling for restart... @ http://localhost:5477/@vite/client:559
[55709038ms] [INFO] %cDownload the React DevTools for a better development experience: https://reactjs.org/link/react-devtools font-weight:bold @ http://localhost:5477/node_modules/.vite/deps/chunk-GNC7SI6A.js?v=8f7d8846:21550
[55709429ms] [WARNING] âš ď¸Ź React Router Future Flag Warning: React Router will begin wrapping state updates in `React.startTransition` in v7. You can use the `v7_startTransition` future flag to opt-in early. For more information, see https://reactrouter.com/v6/upgrading/future#v7_starttransition. @ http://localhost:5477/node_modules/.vite/deps/react-router-dom.js?v=8f7d8846:4435
[55709430ms] [WARNING] âš ď¸Ź React Router Future Flag Warning: Relative route resolution within Splat routes is changing in v7. You can use the `v7_relativeSplatPath` future flag to opt-in early. For more information, see https://reactrouter.com/v6/upgrading/future#v7_relativesplatpath. @ http://localhost:5477/node_modules/.vite/deps/react-router-dom.js?v=8f7d8846:4435
[55712097ms] [WARNING] WebSocket connection to 'ws://localhost:5470/socket.io/?EIO=4&transport=websocket' failed: WebSocket is closed before the connection is established. @ http://localhost:5477/node_modules/.vite/deps/socket__io-client.js?v=8f7d8846:1499
[55775527ms] [LOG] [vite] server connection lost. Polling for restart... @ http://localhost:5477/@vite/client:559
[55777879ms] [INFO] %cDownload the React DevTools for a better development experience: https://reactjs.org/link/react-devtools font-weight:bold @ http://localhost:5477/node_modules/.vite/deps/chunk-GNC7SI6A.js?v=8f7d8846:21550
[55777962ms] [WARNING] âš ď¸Ź React Router Future Flag Warning: React Router will begin wrapping state updates in `React.startTransition` in v7. You can use the `v7_startTransition` future flag to opt-in early. For more information, see https://reactrouter.com/v6/upgrading/future#v7_starttransition. @ http://localhost:5477/node_modules/.vite/deps/react-router-dom.js?v=8f7d8846:4435
[55777963ms] [WARNING] âš ď¸Ź React Router Future Flag Warning: Relative route resolution within Splat routes is changing in v7. You can use the `v7_relativeSplatPath` future flag to opt-in early. For more information, see https://reactrouter.com/v6/upgrading/future#v7_relativesplatpath. @ http://localhost:5477/node_modules/.vite/deps/react-router-dom.js?v=8f7d8846:4435
[55778009ms] [ERROR] Failed to load resource: the server responded with a status of 401 (Unauthorized) @ http://localhost:5470/api/auth/refresh:0
[55778047ms] [ERROR] Failed to load resource: the server responded with a status of 401 (Unauthorized) @ http://localhost:5470/api/auth/refresh:0
[55778595ms] [VERBOSE] [DOM] Input elements should have autocomplete attributes (suggested: "current-password"): (More info: https://goo.gl/9p2vKq) %o @ http://localhost:5477/login:0
[57184915ms] [LOG] [vite] server connection lost. Polling for restart... @ http://localhost:5477/@vite/client:559
[57187948ms] [INFO] %cDownload the React DevTools for a better development experience: https://reactjs.org/link/react-devtools font-weight:bold @ http://localhost:5477/node_modules/.vite/deps/chunk-GNC7SI6A.js?v=8f7d8846:21550
[57188111ms] [WARNING] âš ď¸Ź React Router Future Flag Warning: React Router will begin wrapping state updates in `React.startTransition` in v7. You can use the `v7_startTransition` future flag to opt-in early. For more information, see https://reactrouter.com/v6/upgrading/future#v7_starttransition. @ http://localhost:5477/node_modules/.vite/deps/react-router-dom.js?v=8f7d8846:4435
[57188111ms] [WARNING] âš ď¸Ź React Router Future Flag Warning: Relative route resolution within Splat routes is changing in v7. You can use the `v7_relativeSplatPath` future flag to opt-in early. For more information, see https://reactrouter.com/v6/upgrading/future#v7_relativesplatpath. @ http://localhost:5477/node_modules/.vite/deps/react-router-dom.js?v=8f7d8846:4435
[57189764ms] [VERBOSE] [DOM] Input elements should have autocomplete attributes (suggested: "current-password"): (More info: https://goo.gl/9p2vKq) %o @ http://localhost:5477/login:0
