[      62ms] [INFO] %cDownload the React DevTools for a better development experience: https://reactjs.org/link/react-devtools font-weight:bold @ http://localhost:5437/node_modules/.vite/deps/chunk-GNC7SI6A.js?v=8f7d8846:21550
[      92ms] [WARNING] ⚠️ React Router Future Flag Warning: React Router will begin wrapping state updates in `React.startTransition` in v7. You can use the `v7_startTransition` future flag to opt-in early. For more information, see https://reactrouter.com/v6/upgrading/future#v7_starttransition. @ http://localhost:5437/node_modules/.vite/deps/react-router-dom.js?v=8f7d8846:4435
[      92ms] [WARNING] ⚠️ React Router Future Flag Warning: Relative route resolution within Splat routes is changing in v7. You can use the `v7_relativeSplatPath` future flag to opt-in early. For more information, see https://reactrouter.com/v6/upgrading/future#v7_relativesplatpath. @ http://localhost:5437/node_modules/.vite/deps/react-router-dom.js?v=8f7d8846:4435
[     327ms] [WARNING] WebSocket connection to 'ws://localhost:5430/socket.io/?EIO=4&transport=websocket' failed: WebSocket is closed before the connection is established. @ http://localhost:5437/node_modules/.vite/deps/socket__io-client.js?v=8f7d8846:1499
[  658754ms] [INFO] %cDownload the React DevTools for a better development experience: https://reactjs.org/link/react-devtools font-weight:bold @ http://localhost:5437/node_modules/.vite/deps/chunk-GNC7SI6A.js?v=8f7d8846:21550
[  658829ms] [WARNING] ⚠️ React Router Future Flag Warning: React Router will begin wrapping state updates in `React.startTransition` in v7. You can use the `v7_startTransition` future flag to opt-in early. For more information, see https://reactrouter.com/v6/upgrading/future#v7_starttransition. @ http://localhost:5437/node_modules/.vite/deps/react-router-dom.js?v=8f7d8846:4435
[  658830ms] [WARNING] ⚠️ React Router Future Flag Warning: Relative route resolution within Splat routes is changing in v7. You can use the `v7_relativeSplatPath` future flag to opt-in early. For more information, see https://reactrouter.com/v6/upgrading/future#v7_relativesplatpath. @ http://localhost:5437/node_modules/.vite/deps/react-router-dom.js?v=8f7d8846:4435
[  659316ms] [VERBOSE] [DOM] Input elements should have autocomplete attributes (suggested: "current-password"): (More info: https://goo.gl/9p2vKq) %o @ http://localhost:5437/login:0
[ 1230966ms] [LOG] [vite] server connection lost. Polling for restart... @ http://localhost:5437/@vite/client:559
[ 1231022ms] [ERROR] Failed to load resource: net::ERR_NETWORK_IO_SUSPENDED @ http://localhost:5437/:0
[11833949ms] [INFO] %cDownload the React DevTools for a better development experience: https://reactjs.org/link/react-devtools font-weight:bold @ http://localhost:5437/node_modules/.vite/deps/chunk-GNC7SI6A.js?v=8f7d8846:21550
[11834247ms] [WARNING] ⚠️ React Router Future Flag Warning: React Router will begin wrapping state updates in `React.startTransition` in v7. You can use the `v7_startTransition` future flag to opt-in early. For more information, see https://reactrouter.com/v6/upgrading/future#v7_starttransition. @ http://localhost:5437/node_modules/.vite/deps/react-router-dom.js?v=8f7d8846:4435
[11834248ms] [WARNING] ⚠️ React Router Future Flag Warning: Relative route resolution within Splat routes is changing in v7. You can use the `v7_relativeSplatPath` future flag to opt-in early. For more information, see https://reactrouter.com/v6/upgrading/future#v7_relativesplatpath. @ http://localhost:5437/node_modules/.vite/deps/react-router-dom.js?v=8f7d8846:4435
[11835042ms] [VERBOSE] [DOM] Input elements should have autocomplete attributes (suggested: "current-password"): (More info: https://goo.gl/9p2vKq) %o @ http://localhost:5437/login:0
[22350295ms] [LOG] [vite] server connection lost. Polling for restart... @ http://localhost:5437/@vite/client:559
[22350560ms] [ERROR] Failed to load resource: net::ERR_NETWORK_IO_SUSPENDED @ http://localhost:5437/:0
[54014515ms] [INFO] %cDownload the React DevTools for a better development experience: https://reactjs.org/link/react-devtools font-weight:bold @ http://localhost:5437/node_modules/.vite/deps/chunk-GNC7SI6A.js?v=8f7d8846:21550
[54015074ms] [WARNING] ⚠️ React Router Future Flag Warning: React Router will begin wrapping state updates in `React.startTransition` in v7. You can use the `v7_startTransition` future flag to opt-in early. For more information, see https://reactrouter.com/v6/upgrading/future#v7_starttransition. @ http://localhost:5437/node_modules/.vite/deps/react-router-dom.js?v=8f7d8846:4435
[54015080ms] [WARNING] ⚠️ React Router Future Flag Warning: Relative route resolution within Splat routes is changing in v7. You can use the `v7_relativeSplatPath` future flag to opt-in early. For more information, see https://reactrouter.com/v6/upgrading/future#v7_relativesplatpath. @ http://localhost:5437/node_modules/.vite/deps/react-router-dom.js?v=8f7d8846:4435
[54018032ms] [VERBOSE] [DOM] Input elements should have autocomplete attributes (suggested: "current-password"): (More info: https://goo.gl/9p2vKq) %o @ http://localhost:5437/login:0
[56455352ms] [LOG] [vite] server connection lost. Polling for restart... @ http://localhost:5437/@vite/client:559
[56462133ms] [INFO] %cDownload the React DevTools for a better development experience: https://reactjs.org/link/react-devtools font-weight:bold @ http://localhost:5437/node_modules/.vite/deps/chunk-GNC7SI6A.js?v=8f7d8846:21550
[56462483ms] [WARNING] ⚠️ React Router Future Flag Warning: React Router will begin wrapping state updates in `React.startTransition` in v7. You can use the `v7_startTransition` future flag to opt-in early. For more information, see https://reactrouter.com/v6/upgrading/future#v7_starttransition. @ http://localhost:5437/node_modules/.vite/deps/react-router-dom.js?v=8f7d8846:4435
[56462484ms] [WARNING] ⚠️ React Router Future Flag Warning: Relative route resolution within Splat routes is changing in v7. You can use the `v7_relativeSplatPath` future flag to opt-in early. For more information, see https://reactrouter.com/v6/upgrading/future#v7_relativesplatpath. @ http://localhost:5437/node_modules/.vite/deps/react-router-dom.js?v=8f7d8846:4435
[56463431ms] [VERBOSE] [DOM] Input elements should have autocomplete attributes (suggested: "current-password"): (More info: https://goo.gl/9p2vKq) %o @ http://localhost:5437/login:0
[56527906ms] [LOG] [vite] server connection lost. Polling for restart... @ http://localhost:5437/@vite/client:559
[56529737ms] [INFO] %cDownload the React DevTools for a better development experience: https://reactjs.org/link/react-devtools font-weight:bold @ http://localhost:5437/node_modules/.vite/deps/chunk-GNC7SI6A.js?v=8f7d8846:21550
[56529806ms] [WARNING] ⚠️ React Router Future Flag Warning: React Router will begin wrapping state updates in `React.startTransition` in v7. You can use the `v7_startTransition` future flag to opt-in early. For more information, see https://reactrouter.com/v6/upgrading/future#v7_starttransition. @ http://localhost:5437/node_modules/.vite/deps/react-router-dom.js?v=8f7d8846:4435
[56529807ms] [WARNING] ⚠️ React Router Future Flag Warning: Relative route resolution within Splat routes is changing in v7. You can use the `v7_relativeSplatPath` future flag to opt-in early. For more information, see https://reactrouter.com/v6/upgrading/future#v7_relativesplatpath. @ http://localhost:5437/node_modules/.vite/deps/react-router-dom.js?v=8f7d8846:4435
[56530952ms] [VERBOSE] [DOM] Input elements should have autocomplete attributes (suggested: "current-password"): (More info: https://goo.gl/9p2vKq) %o @ http://localhost:5437/login:0
[57937315ms] [LOG] [vite] server connection lost. Polling for restart... @ http://localhost:5437/@vite/client:559
[57940873ms] [INFO] %cDownload the React DevTools for a better development experience: https://reactjs.org/link/react-devtools font-weight:bold @ http://localhost:5437/node_modules/.vite/deps/chunk-GNC7SI6A.js?v=8f7d8846:21550
[57941055ms] [WARNING] ⚠️ React Router Future Flag Warning: React Router will begin wrapping state updates in `React.startTransition` in v7. You can use the `v7_startTransition` future flag to opt-in early. For more information, see https://reactrouter.com/v6/upgrading/future#v7_starttransition. @ http://localhost:5437/node_modules/.vite/deps/react-router-dom.js?v=8f7d8846:4435
[57941055ms] [WARNING] ⚠️ React Router Future Flag Warning: Relative route resolution within Splat routes is changing in v7. You can use the `v7_relativeSplatPath` future flag to opt-in early. For more information, see https://reactrouter.com/v6/upgrading/future#v7_relativesplatpath. @ http://localhost:5437/node_modules/.vite/deps/react-router-dom.js?v=8f7d8846:4435
[57941624ms] [VERBOSE] [DOM] Input elements should have autocomplete attributes (suggested: "current-password"): (More info: https://goo.gl/9p2vKq) %o @ http://localhost:5437/login:0
